[
  {
    "line": 2,
    "japanese": "生成AIとは、洗濯機である",
    "before": "seiseiAItohasentakukidearu",
    "after": "seiseiAItoha,,sentakukidearu"
  },
  {
    "line": 13,
    "japanese": "当たり前の基準が、全て。",
    "before": "atarimaenoukijungasubete",
    "after": "atarimaenoukijunga,subete."
  },
  {
    "line": 15,
    "japanese": "卑下と謙遜は違う！",
    "before": "higentokansonhachigau",
    "after": "higentokansonhachigau!"
  },
  {
    "line": 24,
    "japanese": "悩むとは、問題を複雑にしていること。",
    "before": "nayamutohamonndaiwofukuzatsunishiteirukoto",
    "after": "nayamutoha,,monndaiwofukuzatsunishiteirukoto"
  },
  {
    "line": 25,
    "japanese": "悩むのではなく、考える。問題を解決にする。",
    "before": "nayamunodenakukangaerumonndaiwokaiketsunisuru",
    "after": "nayamunodenaku,kangaerumonndaiwokaiketsunisuru."
  },
  {
    "line": 26,
    "japanese": "自ら機会を作り出し、機会によって自らを変えよ",
    "before": "mizukarakikaiwotsukuridashikikainiyottemizukarawokaeyyo",
    "after": "mizukarakikaiwotsukuridashi,kikainiyottemizukarawokaeyyo"
  },
  {
    "line": 29,
    "japanese": "他人をリスペクトできない人が嫌いだ。",
    "before": "taninworisupekyutodekinaihihogakiraida",
    "after": "taninworisupekyutodekinaihihogakiraida."
  },
  {
    "line": 30,
    "japanese": "相手を少しでも配慮していればそんな発言をしないだろう、と思うことが普段何度もある。",
    "before": "aitewosukoshidemohairioshiteirebasonnnahatsugenwoshinaidaroutoomoukotogafudannandomoaru",
    "after": "aitewosukoshidemohairioshiteirebasonnnahatsugenwoshinaidarou,toomoukotogafudannandomoaru."
  },
  {
    "line": 35,
    "japanese": "でも、遅れるなら謝罪＋連絡は当たり前だとusutakuは思う。",
    "before": "demookurerunarasjazaipurennrakuhaatarimaedatousutakuhaomou",
    "after": "demo,okurerunarasjazaipurennrakuhaatarimaedatousutakuhaomou"
  },
  {
    "line": 37,
    "japanese": "遠慮しないことを、他人にリスペクトを持たないことと勘違いしている人の多さだ。",
    "before": "enryoshinaikotowotaniinirisupekyuomotanaikototokanchigaishiteiruhitononooosada",
    "after": "enryoshinaikotowo,taniinirisupekyuomotanaikototokanchigaishiteiruhitononooosada."
  },
  {
    "line": 40,
    "japanese": "「自分の世界の中で自分が一番であろうとしている」人は素敵だ、と昨日友人と話した。",
    "before": "jibunnosekainonakadejibungaichibandearoutoshiteiruhitowasutekidatokinofuyuuzintohanashita",
    "after": "jibunnosekainonakadejibungaichibandearoutoshiteiruhitowasutekidatokinofuyuuzintohanashita."
  },
  {
    "line": 41,
    "japanese": "どうしても、生まれや学歴、年収とかで上下をつけがちだけど、自分の中での価値基準を持ってその中で理想になろうとしている人は魅力的だよね、ということだ。",
    "before": "doushitemoumareyagakurekisfunyuutokadejogeotsukeagachidakedojibunnonakadenokachikikyunwomottesononakaderisoninaroutoshiteiruhitohamiryokutekinadayonetoiukotoda",
    "after": "doushitemo,umareyagakurekisfunyuutokadejogeotsukeagachida.kedojibunnonakadenokachikikyunwomottesononakaderisoninaroutoshiteiruhitohamiryokutekinadayone,toiukotoda"
  },
  {
    "line": 43,
    "japanese": "が、一度しか生きられないのだからその中では自分が主役であるべきである。",
    "before": "gaichidoshikaikirarenainodakarasononakadehajibungasfuyakudearubekidearu",
    "after": "ga,ichidoshikaikirarenainodakarasononakadehajibungasfuyakudearu..bekidearu"
  },
  {
    "line": 46,
    "japanese": "無視して、認知しなかったら手放すことはできない。",
    "before": "mushishiteninchishinakattaratebanasukotohaDekinai",
    "after": "mushishite,ninchishinakattaratebanasukotohaDekinai"
  },
  {
    "line": 49,
    "japanese": "僕は恋愛相談に乗るのが心の底から嫌いなんだけど、唯一するアドバイスがある。",
    "before": "bokuharen'aisoudanninorunogakokoronosokokarakiraidakedoyuitsusuruadobaisugaaru",
    "after": "bokuharen'aisoudanninorunogakokoronosokokarakiraidakedoyuitsusuruadobaisugaaru."
  },
  {
    "line": 50,
    "japanese": "それは「人に会ってるの？会わないと」である。",
    "before": "sorehahitoniatterunoattenaitodearu",
    "after": "sorehahitoniatterunoattenaitodearu.."
  },
  {
    "line": 52,
    "japanese": "その人しか知らないことはは、すごく価値がある。",
    "before": "sonohitoshiikashiranaikothasugokukachigaaru",
    "after": "sonohitoshiikashiranaikotha,sugokukachigaaru."
  },
  {
    "line": 54,
    "japanese": "が、実際はありきたりな2次情報だらけ。",
    "before": "gajissaihaarikitarina2jijouhodarake",
    "after": "ga,jissaihaarikitarina2jijouhodarake"
  },
  {
    "line": 57,
    "japanese": "自分が思ってることなんて誰も興味ないよ、、、と思う人もいるかもしれないが、そんなことは全くない。",
    "before": "jibungaomotterukotonantedaremokyoominaiyotoomouhitomoirukamoshirenaigasonnnakothazenkunai",
    "after": "jibunga,omotterukotonantedaremokyo,ominaiyotoomouhitomoirukamoshirenaigasonnnakothazenkunai"
  },
  {
    "line": 58,
    "japanese": "なんてことない主婦のブロガーがバズったり、ただ東南アジアで風俗に行ってるおっさんのブログが凄い人気なのも、全部一次情報だから。",
    "before": "nantekotonaisfufunoburougagabasuttaritadatoonanajiadefuuzokuniitteruossannoburogugasugoihinkinanomozenbuichijijouhoudakara",
    "after": "nantekotonaisfufunoburougagabasuttaritadatoonanajiadefuuzokuniitteruossannoburogugasugoihinkinanomo,zenbuichijijouhoudakara"
  },
  {
    "line": 73,
    "japanese": "外野から見て色々思って終わりではなく、当事者になろう",
    "before": "gaiyanomirteiroiroomotteowaridewanakutoujishaninaou",
    "after": "gaiyanomirteiroiroomotteowaridewanaku,toujishaninaou"
  },
  {
    "line": 74,
    "japanese": "1にデータベース、2にデータベース、3に情報整理が来て、4にデータベース",
    "before": "1nideetabesunideetabe-sunisannijouhoourigairakite4nideetabe-su",
    "after": "1nideetabesunideetabe-sunisannijouhoourigairakite,4nideetabe-su"
  },
  {
    "line": 81,
    "japanese": "snsのプロフィールに180cmとか書いている男は終わっている。これは事実",
    "before": "snsnoprofuirunri180cmtokakaiteiruotokohaohatteirukorehajisjitsu",
    "after": "snsnoprofuiru.nri180cmtokakaiteiruotokohaohatteirukorehajisjitsu"
  },
  {
    "line": 82,
    "japanese": "自分が原液になる。火種になること。",
    "before": "jibungageekinnnaruhidanininarukoto",
    "after": "jibungageekinnnaru.hidanininarukoto"
  },
  {
    "line": 94,
    "japanese": "iphoneのアップデートはするのに自分の人生アップデートできてますか？",
    "before": "iphonenoappudetowosurunonijibunnojinseeuappudetodekiremasuka",
    "after": "iphonenoappudetowosurunonijibunnojinseeuappudetodekiremasuka?"
  },
  {
    "line": 106,
    "japanese": "犬は、今のことしか考えない。わざわざ過去思い出して、大事な今を忘れたり悲しんだりしない。",
    "before": "inuhaimanokotoshikakangaenaihazahazakakoomoidashitedaijinaimaohasuretariakashindarishinai",
    "after": "inuha,imanokotoshikakangaenaihazahazakakoomoidashite,daijinaimaohasuretariakashindarishinai"
  },
  {
    "line": 107,
    "japanese": "「今より大切な時間はない」これを犬は教えてくれる。僕に足りてない考え方である。",
    "before": "imayoriaijinajikanhanaikorewoinuhaosshietekurerubokunitariteaikangaekatadearu",
    "after": "imayoriaijinajikanhanaikorewoinuhaosshietekurerubokunitariteaikangaekatadearu.."
  },
  {
    "line": 116,
    "japanese": "最小限のものだけ持って、最大限の経験をしたい。",
    "before": "saishougennomonodakemotteoshidaigennokeikenwoshitai",
    "after": "saishougennomonodakemotte,oshidaigennokeikenwoshitai"
  }
]