[
  {
    "line": 2,
    "japanese": "生成AIとは、洗濯機である",
    "before": "seiseiAItohasentakukidearu",
    "after": "seiseiAItohas,entakukidearu"
  },
  {
    "line": 5,
    "japanese": "バレーって常に前傾姿勢なのがコツだな。ビジネスと同じや。",
    "before": "bare-ttetsunenizenkeishiseinanogakotsudanabijinesutonajiya",
    "after": "bare-ttetsunenizenkeishiseinanogakotsudanabijinesutonajiya."
  },
  {
    "line": 13,
    "japanese": "当たり前の基準が、全て。",
    "before": "atarimaenoukijungasubete",
    "after": "atarimaenoukijungas,ubete."
  },
  {
    "line": 15,
    "japanese": "卑下と謙遜は違う！",
    "before": "higentokansonhachigau",
    "after": "higentokansonhachigau"
  },
  {
    "line": 23,
    "japanese": "悩むのをやめる。",
    "before": "nayamuwoyameru",
    "after": "nayamuwoyameru."
  },
  {
    "line": 24,
    "japanese": "悩むとは、問題を複雑にしていること。",
    "before": "nayamutohamonndaiwofukuzatsunishiteirukoto",
    "after": "nayamutoham,onndaiwofukuzatsunishiteirukoto."
  },
  {
    "line": 25,
    "japanese": "悩むのではなく、考える。問題を解決にする。",
    "before": "nayamunodenakukangaerumonndaiwokaiketsunisuru",
    "after": "nayamunodenakukang,aerumon.ndaiwokaiketsunisuru"
  },
  {
    "line": 26,
    "japanese": "自ら機会を作り出し、機会によって自らを変えよ",
    "before": "mizukarakikaiwotsukuridashikikainiyottemizukarawokaeyyo",
    "after": "mizukarakikaiwotsukurida,shikikainiyottemizukarawokaeyyo"
  },
  {
    "line": 28,
    "japanese": "残り人生は有限ということを大前提に置いたときの 自分の今の時間の使い方は見直した方がいい。",
    "before": "nokorijinseihayugentoiukotowodaizenteinioitatokinojibunnoimanozikannotsukaikatahaminaoshitahogaii",
    "after": "nokorijinseihayugentoiukotowodaizenteinioitatokinojibunnoimanozikannotsukaikatahaminaoshitahogaii."
  },
  {
    "line": 29,
    "japanese": "他人をリスペクトできない人が嫌いだ。",
    "before": "taninworisupekyutodekinaihihogakiraida",
    "after": "taninworisupekyutodekinaihihogakiraida."
  },
  {
    "line": 30,
    "japanese": "相手を少しでも配慮していればそんな発言をしないだろう、と思うことが普段何度もある。",
    "before": "aitewosukoshidemohairioshiteirebasonnnahatsugenwoshinaidaroutoomoukotogafudannandomoaru",
    "after": "aitewosukoshidemohairioshiteirebasonnnahatsugenwoshinaidar,outoomoukotogafudannandomoaru."
  },
  {
    "line": 31,
    "japanese": "例えば「最近忙しい？」とだけ送られても困る。",
    "before": "tatoebasaikinisogashiitodakeokuraretekoumaru",
    "after": "tatoebasaikinisogashiitodakeokuraretekoumaru."
  },
  {
    "line": 32,
    "japanese": "忙しいに決まっているけれど、事情によっては時間を取ることもできる。",
    "before": "isogashiinikimatteirukeredojijouniyottehajiikanwotorukotomodekiru",
    "after": "isogashiinikimatteirukeredo,jijouniyottehajiikanwotorukotomodekiru."
  },
  {
    "line": 33,
    "japanese": "あとは遅刻関係。",
    "before": "atohachikokukankei",
    "after": "atohachikokukankei."
  },
  {
    "line": 34,
    "japanese": "別に時間通りに来なくたっていい。",
    "before": "betsunijikandoorinikonakutatteii",
    "after": "betsunijikandoorinikonakutatteii."
  },
  {
    "line": 35,
    "japanese": "でも、遅れるなら謝罪＋連絡は当たり前だとusutakuは思う。",
    "before": "demookurerunarasjazaipurennrakuhaatarimaedatousutakuhaomou",
    "after": "demo,okurerunarasjazaipurennrakuhaatarimaedatousutakuhaomou."
  },
  {
    "line": 36,
    "japanese": "遠慮はいらない、配慮はしろ",
    "before": "enryowairanaihairiowoshiro",
    "after": "enryowairanaiha,iriowoshiro"
  },
  {
    "line": 37,
    "japanese": "遠慮しないことを、他人にリスペクトを持たないことと勘違いしている人の多さだ。",
    "before": "enryoshinaikotowotaniinirisupekyuomotanaikototokanchigaishiteiruhitononooosada",
    "after": "enryoshinaikotowo,taniinirisupekyuomotanaikototokanchigaishiteiruhitononooosada."
  },
  {
    "line": 40,
    "japanese": "「自分の世界の中で自分が一番であろうとしている」人は素敵だ、と昨日友人と話した。",
    "before": "jibunnosekainonakadejibungaichibandearoutoshiteiruhitowasutekidatokinofuyuuzintohanashita",
    "after": "jibunnosekainonakadejibungaichibandearoutoshiteiruhitowasutekidatoki,nofuyuuzintohanashita."
  },
  {
    "line": 41,
    "japanese": "どうしても、生まれや学歴、年収とかで上下をつけがちだけど、自分の中での価値基準を持ってその中で理想になろうとしている人は魅力的だよね、ということだ。",
    "before": "doushitemoumareyagakurekisfunyuutokadejogeotsukeagachidakedojibunnonakadenokachikikyunwomottesononakaderisoninaroutoshiteiruhitohamiryokutekinadayonetoiukotoda",
    "after": "doushitemoum,areyagakurekisfunyuutokadejogeotsukeagachidakedojibunnonakadenokachikikyunwomottesononakaderisoninaroutoshiteiruhitohamiryokutekinadayonetoiukotoda."
  },
  {
    "line": 42,
    "japanese": "一度きりの人生、というと浅く聞こえる。",
    "before": "ichidokirinojinseitoiutoasakukikoeru",
    "after": "ichidokirinojin,seitoiutoasakukikoeru."
  },
  {
    "line": 43,
    "japanese": "が、一度しか生きられないのだからその中では自分が主役であるべきである。",
    "before": "gaichidoshikaikirarenainodakarasononakadehajibungasfuyakudearubekidearu",
    "after": "ga,ichidoshikaikirarenainodakarasononakadehajibungasfuyakudearubekidearu."
  },
  {
    "line": 45,
    "japanese": "正しく認知し受け止めることで感情は手放すことができる。",
    "before": "tadashikuninnchishiuketomerukotodekanjohatefanasukotogadekiru",
    "after": "tadashikuninnchishiuketomerukotodekanjohatefanasukotogadekiru."
  },
  {
    "line": 46,
    "japanese": "無視して、認知しなかったら手放すことはできない。",
    "before": "mushishiteninchishinakattaratebanasukotohaDekinai",
    "after": "mushishit,eninchishinakattaratebanasukotohaDekinai."
  },
  {
    "line": 47,
    "japanese": "このサイクルを適切に回せると感情的ではなく合理的にいられる。",
    "before": "konosaikuruwotekisetsunimahaserutokanjoutekidenakugouritekiniirareru",
    "after": "konosaikuruwotekisetsunimahaserutokanjoutekidenakugouritekiniirareru."
  },
  {
    "line": 48,
    "japanese": "自分自身のことは自分しかわからないのだから大切にしてあげよう。",
    "before": "jibunjishinnokotohazibunshikahakaranainodakaratasetsunishiteageyou",
    "after": "jibunjishinnokotohazibunshikahakaranainodakaratasetsunishiteageyou."
  },
  {
    "line": 49,
    "japanese": "僕は恋愛相談に乗るのが心の底から嫌いなんだけど、唯一するアドバイスがある。",
    "before": "bokuharen'aisoudanninorunogakokoronosokokarakiraidakedoyuitsusuruadobaisugaaru",
    "after": "bokuharen'aisoudanninorunogakokoronosokokarakiraida,kedoyuitsusuruadobaisugaaru."
  },
  {
    "line": 50,
    "japanese": "それは「人に会ってるの？会わないと」である。",
    "before": "sorehahitoniatterunoattenaitodearu",
    "after": "sorehahitoniatterunoattenaitodearu."
  },
  {
    "line": 51,
    "japanese": "出会いがない、と悩んでる人に話を聞くと、職場と自宅の往復のみで職場に恋愛対象はいない、みたいなことが多い。",
    "before": "deaiganaitonayanderunihitonihanasuokikutoshokubatojitakunoofukunomideshokubaniren'aitaishohainaikotogaooi",
    "after": "deaiganaitona,yanderunihitonihanasuokikutoshokubatojitakunoofukunomideshokubaniren'aitaishohainaikotogaooi."
  },
  {
    "line": 52,
    "japanese": "その人しか知らないことはは、すごく価値がある。",
    "before": "sonohitoshiikashiranaikothasugokukachigaaru",
    "after": "sonohitoshiikashiranaikotha,sugokukachigaaru."
  },
  {
    "line": 53,
    "japanese": "SNSとかを見てると、情報過多なように見える。",
    "before": "SNStokaomitetojoohookatanoyounimieru",
    "after": "SNStokaomitetojoo,hookatanoyounimieru."
  },
  {
    "line": 54,
    "japanese": "が、実際はありきたりな2次情報だらけ。",
    "before": "gajissaihaarikitarina2jijouhodarake",
    "after": "ga,jissaihaarikitarina2jijouhodarake."
  },
  {
    "line": 55,
    "japanese": "案外、自分が経験したことをもとに本心で発信されている情報は少ない。",
    "before": "angaijibungakeikenshitakotowomotonihonshindehasshinsareteirujohoowasukunai",
    "after": "angai,jibungakeikenshitakotowomotonihonshindehasshinsareteirujohoowasukunai."
  },
  {
    "line": 56,
    "japanese": "だから、是非情報発信をしてほしい。",
    "before": "dakarazehijoohoohashinshintehoshii",
    "after": "dakaraz,ehijoohoohashinshintehoshii."
  },
  {
    "line": 57,
    "japanese": "自分が思ってることなんて誰も興味ないよ、、、と思う人もいるかもしれないが、そんなことは全くない。",
    "before": "jibungaomotterukotonantedaremokyoominaiyotoomouhitomoirukamoshirenaigasonnnakothazenkunai",
    "after": "jibungaomotterukotonantedaremokyoominai,yotoomouhitomoirukamoshirenaigasonnnakothazenkunai."
  },
  {
    "line": 58,
    "japanese": "なんてことない主婦のブロガーがバズったり、ただ東南アジアで風俗に行ってるおっさんのブログが凄い人気なのも、全部一次情報だから。",
    "before": "nantekotonaisfufunoburougagabasuttaritadatoonanajiadefuuzokuniitteruossannoburogugasugoihinkinanomozenbuichijijouhoudakara",
    "after": "nantekotonaisfufunoburougagabasuttaritada,toonanajiadefuuzokuniitteruossannoburogugasugoihinkinanomozenbuichijijouhoudakara."
  },
  {
    "line": 66,
    "japanese": "やるぞ！",
    "before": "yaruzo",
    "after": "yaruzo"
  },
  {
    "line": 71,
    "japanese": "大事なのは「参加」すること。",
    "before": "daijinanohasankasurukoto",
    "after": "daijinanohasankasurukoto."
  },
  {
    "line": 72,
    "japanese": "いつだって傍観者より、参加者の方が楽しい。",
    "before": "itsudatteboukanjashayorisankashanohougatanoshii",
    "after": "itsudatteboukanjashayoris,ankashanohougatanoshii."
  },
  {
    "line": 73,
    "japanese": "外野から見て色々思って終わりではなく、当事者になろう",
    "before": "gaiyanomirteiroiroomotteowaridewanakutoujishaninaou",
    "after": "gaiyanomirteiroiroomotteowaridewanaku,toujishaninaou"
  },
  {
    "line": 74,
    "japanese": "1にデータベース、2にデータベース、3に情報整理が来て、4にデータベース",
    "before": "1nideetabesunideetabe-sunisannijouhoourigairakite4nideetabe-su",
    "after": "1nideetabesunideetabe-sunisannijouhoourigairakite4nideetabe-su"
  },
  {
    "line": 81,
    "japanese": "snsのプロフィールに180cmとか書いている男は終わっている。これは事実",
    "before": "snsnoprofuirunri180cmtokakaiteiruotokohaohatteirukorehajisjitsu",
    "after": "snsnoprofuirunri180cmtokakaiteiruotokohaohatteirukorehajisjitsu"
  },
  {
    "line": 82,
    "japanese": "自分が原液になる。火種になること。",
    "before": "jibungageekinnnaruhidanininarukoto",
    "after": "jibungageekinnnaruhidanininarukoto."
  },
  {
    "line": 85,
    "japanese": "猫はミニマリストじゃない、犬は帰るところがあるからただの畜生、鳥はミニマリスト",
    "before": "nekominimiristojanaiinuhakaerutokorogaarukaratadanochikushoutoriminimarisuoto",
    "after": "nekominimiristojanaiinuhakaerutokorogaarukaratadanochikushoutoriminimarisuoto"
  },
  {
    "line": 90,
    "japanese": "錯覚でもいい。大事なのは本人の気持ち。",
    "before": "sakkakudemoiidaijinananohonninnokimochi",
    "after": "sakkakudemoiidaijinananohonninnokimochi."
  },
  {
    "line": 91,
    "japanese": "だってポジティブな気持ちになったらあとは絶対またチャレンジできるもの。",
    "before": "dattepojichivunakimochininattaraatowazetaitamatacharenjidekirumono",
    "after": "dattepojichivunakimochininattaraatowazetaitamatacharenjidekirumono."
  },
  {
    "line": 92,
    "japanese": "一番悲しいのが諦めてしまうこと。自分にはできないって思ってしまうこと。",
    "before": "ichibankanashiinoganazameteshimaukotojibunnihaDekinaitteomottemasshijikoto",
    "after": "ichibankanashiinoganazameteshimaukotojibunnihaDekinaitteomottemasshijikoto."
  },
  {
    "line": 93,
    "japanese": "人の上に立つの気持ちぃ??！",
    "before": "hitonouenitatsunokimochii",
    "after": "hitonouenitatsunokimochii"
  },
  {
    "line": 94,
    "japanese": "iphoneのアップデートはするのに自分の人生アップデートできてますか？",
    "before": "iphonenoappudetowosurunonijibunnojinseeuappudetodekiremasuka",
    "after": "iphonenoappudetowosurunonijibunnojinseeuappudetodekiremasuka"
  },
  {
    "line": 95,
    "japanese": "PCの画面がちっちゃい人間は心もちっちゃいからね？",
    "before": "PCnogamengachicchaihtoningenwakokoromochcchaikarane",
    "after": "PCnogamengachicchaihtoningenwakokoromochcchaikarane"
  },
  {
    "line": 97,
    "japanese": "文章・思考が発生する全ての業務にAIを使用する。",
    "before": "bunshoushikougahasseisrusugubetenogyoomuniAIwoushiyousmuru",
    "after": "bunshoushikougahasseisrusugubetenogyoomuniAIwoushiyousmuru."
  },
  {
    "line": 98,
    "japanese": "考えたように生きないと、生きたように考えてしまう。",
    "before": "kangaetayouniikianaitoikitayounikangaeteshimau",
    "after": "kangaetayouniikianaito,ikitayounikangaeteshimau."
  },
  {
    "line": 106,
    "japanese": "犬は、今のことしか考えない。わざわざ過去思い出して、大事な今を忘れたり悲しんだりしない。",
    "before": "inuhaimanokotoshikakangaenaihazahazakakoomoidashitedaijinaimaohasuretariakashindarishinai",
    "after": "inuh,aimanokotoshikakangaen.aihazahazakakoomoidashitedaijinaimaohasuretariakashindarishinai"
  },
  {
    "line": 107,
    "japanese": "「今より大切な時間はない」これを犬は教えてくれる。僕に足りてない考え方である。",
    "before": "imayoriaijinajikanhanaikorewoinuhaosshietekurerubokunitariteaikangaekatadearu",
    "after": "imayoriaijinajikanhanaikorewoinuhaosshietekurerubokunitariteaikangaekatadearu."
  },
  {
    "line": 113,
    "japanese": "目が極端に乾かないから、2-3分くらい全然まばたき無しで仕事できる。",
    "before": "megakyokutaninikawakanaikara2-3funnkuraizeenbafshinkunashideshigotodekiru",
    "after": "megakyokutaninikawakanaik,ara2-3funnkuraizeenbafshinkunashideshigotodekiru."
  },
  {
    "line": 114,
    "japanese": "2-3分の間にまばたきで何度も視界を失ってる連中、非効率すぎて面白い。よく仕事できてるなって思う。",
    "before": "2-3funnoaidanimabatakidenanndomoshikaioushinatterenncfuukoritsusugiteomoshiroiyokushiofudekirutenatteomou",
    "after": "2-3funnoaidanimabatakidenanndomoshikaioushinatterenncfu,ukoritsusugiteomoshi.roiyokushiofudekirutenatteomou"
  },
  {
    "line": 116,
    "japanese": "最小限のものだけ持って、最大限の経験をしたい。",
    "before": "saishougennomonodakemotteoshidaigennokeikenwoshitai",
    "after": "saishougennomonodakemotteos,hidaigennokeikenwoshitai."
  }
]